Using pre-set license
Built from '2021.1/release' branch; Version is '2021.1.4f1 (4cd64a618c1b) revision 5035594'; Using compiler version '192528614'; Build Type 'Release'
OS: 'Windows 10 Home; OS build 19041.928; Version 2004; 64bit' Language: 'en' Physical Memory: 16304 MB
BatchMode: 1, IsHumanControllingUs: 0, StartBugReporterOnCrash: 0, Is64bit: 1, IsPro: 0

 COMMAND LINE ARGUMENTS:
S:\Unity\2021.1.4f1\Editor\Unity.exe
-adb2
-batchMode
-noUpm
-name
AssetImportWorker0
-projectPath
E:/Dev/Jumpy
-logFile
Logs/AssetImportWorker0.log
-srvPort
49891
Successfully changed project path to: E:/Dev/Jumpy
E:/Dev/Jumpy
Using Asset Import Pipeline V2.
Refreshing native plugins compatible for Editor in 33.98 ms, found 0 plugins.
Preloading 0 native plugins for Editor in 0.00 ms.
Initialize engine version: 2021.1.4f1 (4cd64a618c1b)
[Subsystems] Discovering subsystems at path S:/Unity/2021.1.4f1/Editor/Data/Resources/UnitySubsystems
[Subsystems] Discovering subsystems at path E:/Dev/Jumpy/Assets
GfxDevice: creating device client; threaded=0; jobified=0
Direct3D:
    Version:  Direct3D 11.0 [level 11.1]
    Renderer: NVIDIA GeForce GTX 1080 (ID=0x1b80)
    Vendor:   NVIDIA
    VRAM:     8079 MB
    Driver:   27.21.14.6627
Initialize mono
Mono path[0] = 'S:/Unity/2021.1.4f1/Editor/Data/Managed'
Mono path[1] = 'S:/Unity/2021.1.4f1/Editor/Data/MonoBleedingEdge/lib/mono/unityjit'
Mono config path = 'S:/Unity/2021.1.4f1/Editor/Data/MonoBleedingEdge/etc'
Using monoOptions --debugger-agent=transport=dt_socket,embedding=1,server=y,suspend=n,address=127.0.0.1:56096
Begin MonoManager ReloadAssembly
Registering precompiled unity dll's ...
Register platform support module: S:/Unity/2021.1.4f1/Editor/Data/PlaybackEngines/WindowsStandaloneSupport/UnityEditor.WindowsStandalone.Extensions.dll
Registered in 0.001293 seconds.
Native extension for WindowsStandalone target not found
Refreshing native plugins compatible for Editor in 32.24 ms, found 0 plugins.
Preloading 0 native plugins for Editor in 0.00 ms.
Mono: successfully reloaded assembly
- Completed reload, in  2.237 seconds
Platform modules already initialized, skipping
Registering precompiled user dll's ...
Registered in 0.000954 seconds.
Begin MonoManager ReloadAssembly
Native extension for WindowsStandalone target not found
Refreshing native plugins compatible for Editor in 0.20 ms, found 0 plugins.
Preloading 0 native plugins for Editor in 0.00 ms.
Mono: successfully reloaded assembly
- Completed reload, in  0.920 seconds
Platform modules already initialized, skipping
========================================================================
Worker process is ready to serve import requests
Launched and connected shader compiler UnityShaderCompiler.exe after 0.06 seconds
Refreshing native plugins compatible for Editor in 0.27 ms, found 0 plugins.
Preloading 0 native plugins for Editor in 0.00 ms.
Unloading 1166 Unused Serialized files (Serialized files now loaded: 0)
System memory in use before: 61.0 MB.
System memory in use after: 60.5 MB.

Unloading 22 unused Assets to reduce memory usage. Loaded Objects now: 1610.
Total: 2.786400 ms (FindLiveObjects: 0.169700 ms CreateObjectMapping: 0.066900 ms MarkObjects: 2.181000 ms  DeleteObjects: 0.367600 ms)

========================================================================
Received Import Request.
  path: Assets/Resources/game background.prefab
  artifactKey: Guid(721df11e9f664b248aa7c9de439fa333) Importer(815301076,1909f56bfc062723c751e8b465ee728b)
Start importing Assets/Resources/game background.prefab using Guid(721df11e9f664b248aa7c9de439fa333) Importer(815301076,1909f56bfc062723c751e8b465ee728b)  -> (artifact id: '94981cca079815659c56efdab329ab5a') in 0.210011 seconds 
========================================================================
Received Import Request.
  Time since last request: 0.000360 seconds.
  path: Assets/Resources/rope.prefab
  artifactKey: Guid(496d358e0ece9124889ece1f7f3d27f3) Importer(815301076,1909f56bfc062723c751e8b465ee728b)
Start importing Assets/Resources/rope.prefab using Guid(496d358e0ece9124889ece1f7f3d27f3) Importer(815301076,1909f56bfc062723c751e8b465ee728b)  -> (artifact id: '5c1363dd0c6f168ecc06e7f48fae109c') in 0.009815 seconds 
========================================================================
Received Import Request.
  Time since last request: 16.953756 seconds.
  path: Assets/Resources/rope.prefab
  artifactKey: Guid(496d358e0ece9124889ece1f7f3d27f3) Importer(815301076,1909f56bfc062723c751e8b465ee728b)
Start importing Assets/Resources/rope.prefab using Guid(496d358e0ece9124889ece1f7f3d27f3) Importer(815301076,1909f56bfc062723c751e8b465ee728b)  -> (artifact id: 'b84a118ffcd9ad5961a4f47fb51e7d2a') in 0.008833 seconds 
========================================================================
Received Import Request.
  Time since last request: 3.350396 seconds.
  path: ProjectSettings/TagManager.asset
  artifactKey: Guid(00000000000000003000000000000000) Importer(815301076,1909f56bfc062723c751e8b465ee728b)
Start importing ProjectSettings/TagManager.asset using Guid(00000000000000003000000000000000) Importer(815301076,1909f56bfc062723c751e8b465ee728b)  -> (artifact id: '847cc0672d595f63f014a2da298e9154') in 0.013737 seconds 
========================================================================
Received Import Request.
  Time since last request: 12.546513 seconds.
  path: Assets/Resources/rope.prefab
  artifactKey: Guid(496d358e0ece9124889ece1f7f3d27f3) Importer(815301076,1909f56bfc062723c751e8b465ee728b)
Start importing Assets/Resources/rope.prefab using Guid(496d358e0ece9124889ece1f7f3d27f3) Importer(815301076,1909f56bfc062723c751e8b465ee728b)  -> (artifact id: 'f67891a89410b2c269b1778d930e62ea') in 0.011312 seconds 
========================================================================
Received Import Request.
  Time since last request: 343.026949 seconds.
  path: Assets/Resources/rope.prefab
  artifactKey: Guid(496d358e0ece9124889ece1f7f3d27f3) Importer(815301076,1909f56bfc062723c751e8b465ee728b)
Start importing Assets/Resources/rope.prefab using Guid(496d358e0ece9124889ece1f7f3d27f3) Importer(815301076,1909f56bfc062723c751e8b465ee728b)  -> (artifact id: 'c3aaf37a700e68d7f97dcb3a20566d6b') in 0.025147 seconds 
========================================================================
Received Import Request.
  Time since last request: 19.670063 seconds.
  path: Assets/Resources/rope.prefab
  artifactKey: Guid(496d358e0ece9124889ece1f7f3d27f3) Importer(815301076,1909f56bfc062723c751e8b465ee728b)
Start importing Assets/Resources/rope.prefab using Guid(496d358e0ece9124889ece1f7f3d27f3) Importer(815301076,1909f56bfc062723c751e8b465ee728b)  -> (artifact id: '3825b4f44ce85e4a44ad8d5962394d94') in 0.094410 seconds 
========================================================================
Received Prepare
Refreshing native plugins compatible for Editor in 1.04 ms, found 0 plugins.
Preloading 0 native plugins for Editor in 0.00 ms.
Unloading 16 Unused Serialized files (Serialized files now loaded: 0)
System memory in use before: 43.0 MB.
System memory in use after: 42.5 MB.

Unloading 17 unused Assets to reduce memory usage. Loaded Objects now: 1617.
Total: 3.085500 ms (FindLiveObjects: 0.106000 ms CreateObjectMapping: 0.054000 ms MarkObjects: 2.593200 ms  DeleteObjects: 0.331200 ms)

========================================================================
Received Import Request.
  Time since last request: 1632.485394 seconds.
  path: Assets/Resources/Rope.png
  artifactKey: Guid(6825aba037aa49747a2a4dd9d1dfa81d) Importer(815301076,1909f56bfc062723c751e8b465ee728b)
Start importing Assets/Resources/Rope.png using Guid(6825aba037aa49747a2a4dd9d1dfa81d) Importer(815301076,1909f56bfc062723c751e8b465ee728b)  -> (artifact id: 'a7342c5c9198e63658f6c2a9a72c6ec3') in 0.094340 seconds 
========================================================================
Received Import Request.
  Time since last request: 9.759990 seconds.
  path: Assets/Resources/rope.prefab
  artifactKey: Guid(496d358e0ece9124889ece1f7f3d27f3) Importer(815301076,1909f56bfc062723c751e8b465ee728b)
Start importing Assets/Resources/rope.prefab using Guid(496d358e0ece9124889ece1f7f3d27f3) Importer(815301076,1909f56bfc062723c751e8b465ee728b)  -> (artifact id: 'd3239177a1cd42eebe00a0bfa9811058') in 0.010911 seconds 
========================================================================
Received Import Request.
  Time since last request: 107.616941 seconds.
  path: Assets/Resources/rope.prefab
  artifactKey: Guid(496d358e0ece9124889ece1f7f3d27f3) Importer(815301076,1909f56bfc062723c751e8b465ee728b)
Start importing Assets/Resources/rope.prefab using Guid(496d358e0ece9124889ece1f7f3d27f3) Importer(815301076,1909f56bfc062723c751e8b465ee728b)  -> (artifact id: 'b112b1409d816f26ace18dc67a623df8') in 0.040743 seconds 
========================================================================
Received Prepare
Refreshing native plugins compatible for Editor in 1.00 ms, found 0 plugins.
Preloading 0 native plugins for Editor in 0.00 ms.
Unloading 16 Unused Serialized files (Serialized files now loaded: 0)
System memory in use before: 43.1 MB.
System memory in use after: 42.5 MB.

Unloading 15 unused Assets to reduce memory usage. Loaded Objects now: 1621.
Total: 3.154500 ms (FindLiveObjects: 0.156200 ms CreateObjectMapping: 0.052800 ms MarkObjects: 2.599400 ms  DeleteObjects: 0.345100 ms)

========================================================================
Received Prepare
Registering precompiled user dll's ...
Registered in 0.003533 seconds.
Begin MonoManager ReloadAssembly
Native extension for WindowsStandalone target not found
Refreshing native plugins compatible for Editor in 0.25 ms, found 0 plugins.
Preloading 0 native plugins for Editor in 0.00 ms.
Mono: successfully reloaded assembly
- Completed reload, in  1.590 seconds
Platform modules already initialized, skipping
Switching build target platform(19) subTarget(0) extendedPlatform(0) -> platform(13) subTarget(537395200) extendedPlatform(0)
Refreshing native plugins compatible for Editor in 0.30 ms, found 0 plugins.
Preloading 0 native plugins for Editor in 0.00 ms.
Unloading 1165 Unused Serialized files (Serialized files now loaded: 0)
System memory in use before: 65.9 MB.
System memory in use after: 65.3 MB.

Unloading 17 unused Assets to reduce memory usage. Loaded Objects now: 1638.
Total: 3.768100 ms (FindLiveObjects: 0.194700 ms CreateObjectMapping: 0.064600 ms MarkObjects: 3.040900 ms  DeleteObjects: 0.465800 ms)

AssetImportParameters requested are different than current active one (requested -> active):
  custom:graphics/normal-map-encoding: 01000000000000000000000000000000 -> 02000000000000000000000000000000
========================================================================
Received Prepare
Refreshing native plugins compatible for Editor in 0.79 ms, found 0 plugins.
Preloading 0 native plugins for Editor in 0.00 ms.
Unloading 16 Unused Serialized files (Serialized files now loaded: 0)
System memory in use before: 43.0 MB.
System memory in use after: 42.5 MB.

Unloading 15 unused Assets to reduce memory usage. Loaded Objects now: 1638.
Total: 2.325000 ms (FindLiveObjects: 0.124700 ms CreateObjectMapping: 0.035300 ms MarkObjects: 1.897300 ms  DeleteObjects: 0.266800 ms)

========================================================================
Received Prepare
Registering precompiled user dll's ...
Registered in 0.002258 seconds.
Begin MonoManager ReloadAssembly
Native extension for WindowsStandalone target not found
Refreshing native plugins compatible for Editor in 0.38 ms, found 0 plugins.
Preloading 0 native plugins for Editor in 0.00 ms.
Mono: successfully reloaded assembly
- Completed reload, in  1.364 seconds
Platform modules already initialized, skipping
Switching build target platform(19) subTarget(0) extendedPlatform(0) -> platform(13) subTarget(537395200) extendedPlatform(0)
Refreshing native plugins compatible for Editor in 0.22 ms, found 0 plugins.
Preloading 0 native plugins for Editor in 0.00 ms.
Unloading 1164 Unused Serialized files (Serialized files now loaded: 0)
System memory in use before: 65.8 MB.
System memory in use after: 65.3 MB.

Unloading 17 unused Assets to reduce memory usage. Loaded Objects now: 1641.
Total: 2.396800 ms (FindLiveObjects: 0.131800 ms CreateObjectMapping: 0.039500 ms MarkObjects: 1.818600 ms  DeleteObjects: 0.405900 ms)

AssetImportParameters requested are different than current active one (requested -> active):
  custom:graphics/normal-map-encoding: 01000000000000000000000000000000 -> 02000000000000000000000000000000
========================================================================
Received Import Request.
  Time since last request: 350.351843 seconds.
  path: Assets/Resources/rope.prefab
  artifactKey: Guid(496d358e0ece9124889ece1f7f3d27f3) Importer(815301076,1909f56bfc062723c751e8b465ee728b)
Start importing Assets/Resources/rope.prefab using Guid(496d358e0ece9124889ece1f7f3d27f3) Importer(815301076,1909f56bfc062723c751e8b465ee728b)  -> (artifact id: 'fcc366b10c1ad9f4db71f4c730f37b3a') in 0.196665 seconds 
========================================================================
Received Prepare
Registering precompiled user dll's ...
Registered in 0.001421 seconds.
Begin MonoManager ReloadAssembly
Native extension for WindowsStandalone target not found
Refreshing native plugins compatible for Editor in 0.55 ms, found 0 plugins.
Preloading 0 native plugins for Editor in 0.00 ms.
Mono: successfully reloaded assembly
- Completed reload, in  1.625 seconds
Platform modules already initialized, skipping
Switching build target platform(19) subTarget(0) extendedPlatform(0) -> platform(13) subTarget(537395200) extendedPlatform(0)
Refreshing native plugins compatible for Editor in 0.24 ms, found 0 plugins.
Preloading 0 native plugins for Editor in 0.00 ms.
Unloading 1164 Unused Serialized files (Serialized files now loaded: 0)
System memory in use before: 65.9 MB.
System memory in use after: 65.3 MB.

Unloading 17 unused Assets to reduce memory usage. Loaded Objects now: 1645.
Total: 2.904200 ms (FindLiveObjects: 0.147500 ms CreateObjectMapping: 0.038800 ms MarkObjects: 2.338400 ms  DeleteObjects: 0.378000 ms)

AssetImportParameters requested are different than current active one (requested -> active):
  custom:graphics/normal-map-encoding: 01000000000000000000000000000000 -> 02000000000000000000000000000000
========================================================================
Received Prepare
Refreshing native plugins compatible for Editor in 1.30 ms, found 0 plugins.
Preloading 0 native plugins for Editor in 0.00 ms.
Unloading 16 Unused Serialized files (Serialized files now loaded: 0)
System memory in use before: 43.1 MB.
System memory in use after: 42.5 MB.

Unloading 15 unused Assets to reduce memory usage. Loaded Objects now: 1645.
Total: 3.718600 ms (FindLiveObjects: 0.207500 ms CreateObjectMapping: 0.086200 ms MarkObjects: 2.417800 ms  DeleteObjects: 1.005500 ms)

========================================================================
Received Prepare
Registering precompiled user dll's ...
Registered in 0.001323 seconds.
Begin MonoManager ReloadAssembly
Native extension for WindowsStandalone target not found
Refreshing native plugins compatible for Editor in 0.24 ms, found 0 plugins.
Preloading 0 native plugins for Editor in 0.00 ms.
Mono: successfully reloaded assembly
- Completed reload, in  1.348 seconds
Platform modules already initialized, skipping
Switching build target platform(19) subTarget(0) extendedPlatform(0) -> platform(13) subTarget(537395200) extendedPlatform(0)
Refreshing native plugins compatible for Editor in 0.54 ms, found 0 plugins.
Preloading 0 native plugins for Editor in 0.00 ms.
Unloading 1164 Unused Serialized files (Serialized files now loaded: 0)
System memory in use before: 65.9 MB.
System memory in use after: 65.3 MB.

Unloading 17 unused Assets to reduce memory usage. Loaded Objects now: 1648.
Total: 2.229400 ms (FindLiveObjects: 0.279500 ms CreateObjectMapping: 0.051800 ms MarkObjects: 1.628000 ms  DeleteObjects: 0.268800 ms)

AssetImportParameters requested are different than current active one (requested -> active):
  custom:graphics/normal-map-encoding: 01000000000000000000000000000000 -> 02000000000000000000000000000000
========================================================================
Received Prepare
Refreshing native plugins compatible for Editor in 0.88 ms, found 0 plugins.
Preloading 0 native plugins for Editor in 0.00 ms.
Unloading 16 Unused Serialized files (Serialized files now loaded: 0)
System memory in use before: 43.1 MB.
System memory in use after: 42.5 MB.

Unloading 15 unused Assets to reduce memory usage. Loaded Objects now: 1648.
Total: 2.228400 ms (FindLiveObjects: 0.139600 ms CreateObjectMapping: 0.043700 ms MarkObjects: 1.625200 ms  DeleteObjects: 0.419100 ms)

========================================================================
Received Prepare
Registering precompiled user dll's ...
Registered in 0.001553 seconds.
Begin MonoManager ReloadAssembly
Native extension for WindowsStandalone target not found
Refreshing native plugins compatible for Editor in 0.32 ms, found 0 plugins.
Preloading 0 native plugins for Editor in 0.00 ms.
Mono: successfully reloaded assembly
- Completed reload, in  1.076 seconds
Platform modules already initialized, skipping
Switching build target platform(19) subTarget(0) extendedPlatform(0) -> platform(13) subTarget(537395200) extendedPlatform(0)
Refreshing native plugins compatible for Editor in 0.22 ms, found 0 plugins.
Preloading 0 native plugins for Editor in 0.00 ms.
Unloading 1164 Unused Serialized files (Serialized files now loaded: 0)
System memory in use before: 65.9 MB.
System memory in use after: 65.4 MB.

Unloading 17 unused Assets to reduce memory usage. Loaded Objects now: 1651.
Total: 2.031400 ms (FindLiveObjects: 0.104100 ms CreateObjectMapping: 0.031500 ms MarkObjects: 1.640300 ms  DeleteObjects: 0.254800 ms)

AssetImportParameters requested are different than current active one (requested -> active):
  custom:graphics/normal-map-encoding: 01000000000000000000000000000000 -> 02000000000000000000000000000000
========================================================================
Received Prepare
Refreshing native plugins compatible for Editor in 0.93 ms, found 0 plugins.
Preloading 0 native plugins for Editor in 0.00 ms.
Unloading 16 Unused Serialized files (Serialized files now loaded: 0)
System memory in use before: 43.1 MB.
System memory in use after: 42.6 MB.

Unloading 15 unused Assets to reduce memory usage. Loaded Objects now: 1651.
Total: 2.295100 ms (FindLiveObjects: 0.140300 ms CreateObjectMapping: 0.041300 ms MarkObjects: 1.810000 ms  DeleteObjects: 0.302500 ms)

========================================================================
Received Prepare
Registering precompiled user dll's ...
Registered in 0.001213 seconds.
Begin MonoManager ReloadAssembly
Native extension for WindowsStandalone target not found
Refreshing native plugins compatible for Editor in 0.23 ms, found 0 plugins.
Preloading 0 native plugins for Editor in 0.00 ms.
Mono: successfully reloaded assembly
- Completed reload, in  1.210 seconds
Platform modules already initialized, skipping
Switching build target platform(19) subTarget(0) extendedPlatform(0) -> platform(13) subTarget(537395200) extendedPlatform(0)
Refreshing native plugins compatible for Editor in 0.21 ms, found 0 plugins.
Preloading 0 native plugins for Editor in 0.00 ms.
Unloading 1164 Unused Serialized files (Serialized files now loaded: 0)
System memory in use before: 65.9 MB.
System memory in use after: 65.4 MB.

Unloading 17 unused Assets to reduce memory usage. Loaded Objects now: 1654.
Total: 3.958800 ms (FindLiveObjects: 0.141400 ms CreateObjectMapping: 0.039100 ms MarkObjects: 3.280800 ms  DeleteObjects: 0.495900 ms)

AssetImportParameters requested are different than current active one (requested -> active):
  custom:graphics/normal-map-encoding: 01000000000000000000000000000000 -> 02000000000000000000000000000000
========================================================================
Received Prepare
Refreshing native plugins compatible for Editor in 0.90 ms, found 0 plugins.
Preloading 0 native plugins for Editor in 0.00 ms.
Unloading 16 Unused Serialized files (Serialized files now loaded: 0)
System memory in use before: 43.1 MB.
System memory in use after: 42.6 MB.

Unloading 15 unused Assets to reduce memory usage. Loaded Objects now: 1654.
Total: 2.151700 ms (FindLiveObjects: 0.183900 ms CreateObjectMapping: 0.094800 ms MarkObjects: 1.605900 ms  DeleteObjects: 0.266100 ms)

========================================================================
Received Prepare
Registering precompiled user dll's ...
Registered in 0.001502 seconds.
Begin MonoManager ReloadAssembly
Native extension for WindowsStandalone target not found
Refreshing native plugins compatible for Editor in 0.20 ms, found 0 plugins.
Preloading 0 native plugins for Editor in 0.00 ms.
Mono: successfully reloaded assembly
- Completed reload, in  0.897 seconds
Platform modules already initialized, skipping
Switching build target platform(19) subTarget(0) extendedPlatform(0) -> platform(13) subTarget(537395200) extendedPlatform(0)
Refreshing native plugins compatible for Editor in 0.24 ms, found 0 plugins.
Preloading 0 native plugins for Editor in 0.00 ms.
Unloading 1164 Unused Serialized files (Serialized files now loaded: 0)
System memory in use before: 65.9 MB.
System memory in use after: 65.4 MB.

Unloading 17 unused Assets to reduce memory usage. Loaded Objects now: 1657.
Total: 2.213400 ms (FindLiveObjects: 0.108000 ms CreateObjectMapping: 0.028100 ms MarkObjects: 1.799400 ms  DeleteObjects: 0.277200 ms)

AssetImportParameters requested are different than current active one (requested -> active):
  custom:graphics/normal-map-encoding: 01000000000000000000000000000000 -> 02000000000000000000000000000000
========================================================================
Received Prepare
Refreshing native plugins compatible for Editor in 0.87 ms, found 0 plugins.
Preloading 0 native plugins for Editor in 0.00 ms.
Unloading 16 Unused Serialized files (Serialized files now loaded: 0)
System memory in use before: 43.1 MB.
System memory in use after: 42.6 MB.

Unloading 15 unused Assets to reduce memory usage. Loaded Objects now: 1657.
Total: 2.223500 ms (FindLiveObjects: 0.135000 ms CreateObjectMapping: 0.035400 ms MarkObjects: 1.787900 ms  DeleteObjects: 0.264500 ms)

AssetImportWorkerClient::OnTransportError - code=2 error=End of file
