
=== Thu Jan 14 22:17:46 2021

Packages were changed.
Update Mode: mergeDefaultDependencies

The following packages were added:
  com.unity.collab-proxy@1.3.9
  com.unity.ide.rider@1.2.1
  com.unity.ide.visualstudio@2.0.2
  com.unity.ide.vscode@1.2.2
  com.unity.modules.ai@1.0.0
  com.unity.modules.androidjni@1.0.0
  com.unity.modules.animation@1.0.0
  com.unity.modules.assetbundle@1.0.0
  com.unity.modules.audio@1.0.0
  com.unity.modules.cloth@1.0.0
  com.unity.modules.director@1.0.0
  com.unity.modules.imageconversion@1.0.0
  com.unity.modules.imgui@1.0.0
  com.unity.modules.jsonserialize@1.0.0
  com.unity.modules.particlesystem@1.0.0
  com.unity.modules.physics@1.0.0
  com.unity.modules.physics2d@1.0.0
  com.unity.modules.screencapture@1.0.0
  com.unity.modules.terrain@1.0.0
  com.unity.modules.terrainphysics@1.0.0
  com.unity.modules.tilemap@1.0.0
  com.unity.modules.ui@1.0.0
  com.unity.modules.uielements@1.0.0
  com.unity.modules.umbra@1.0.0
  com.unity.modules.unityanalytics@1.0.0
  com.unity.modules.unitywebrequest@1.0.0
  com.unity.modules.unitywebrequestassetbundle@1.0.0
  com.unity.modules.unitywebrequestaudio@1.0.0
  com.unity.modules.unitywebrequesttexture@1.0.0
  com.unity.modules.unitywebrequestwww@1.0.0
  com.unity.modules.vehicles@1.0.0
  com.unity.modules.video@1.0.0
  com.unity.modules.vr@1.0.0
  com.unity.modules.wind@1.0.0
  com.unity.modules.xr@1.0.0
  com.unity.test-framework@1.1.16
  com.unity.textmeshpro@3.0.1
  com.unity.timeline@1.3.6
  com.unity.ugui@1.0.0
The following packages were updated:
  com.unity.2d.animation from version 4.2.5 to 4.2.6
  com.unity.2d.psdimporter from version 3.1.5 to 3.1.6
  com.unity.2d.spriteshape from version 4.1.3 to 4.1.4

=== Sun Jan 24 10:03:09 2021

Packages were changed.
Update Mode: updateDependencies

The following packages were updated:
  com.unity.2d.animation from version 4.2.8 to 5.0.3
  com.unity.2d.pixel-perfect from version 3.0.2 to 4.0.1
  com.unity.2d.psdimporter from version 3.1.6 to 4.0.2
  com.unity.2d.spriteshape from version 4.1.4 to 5.1.0
  com.unity.ide.rider from version 1.2.1 to 2.0.7
  com.unity.ide.visualstudio from version 2.0.2 to 2.0.5
  com.unity.ide.vscode from version 1.2.2 to 1.2.3
  com.unity.test-framework from version 1.1.16 to 1.1.20

=== Fri Apr 23 22:34:46 2021

Packages were changed.
Update Mode: updateDependencies

The following packages were updated:
  com.unity.2d.animation from version 5.0.3 to 6.0.1
  com.unity.2d.pixel-perfect from version 4.0.1 to 5.0.0
  com.unity.2d.psdimporter from version 4.0.2 to 5.0.1
  com.unity.2d.spriteshape from version 5.1.0 to 6.0.0
  com.unity.ide.rider from version 2.0.7 to 3.0.5
  com.unity.ide.visualstudio from version 2.0.5 to 2.0.7
  com.unity.test-framework from version 1.1.20 to 1.1.24
  com.unity.textmeshpro from version 3.0.1 to 3.0.4
  com.unity.timeline from version 1.3.6 to 1.5.4

=== Sat Apr 24 10:46:06 2021

Packages were changed.
Update Mode: resetToDefaultDependencies

The following packages were updated:
  com.unity.ide.rider from version 3.0.6 to 2.0.7
  com.unity.textmeshpro from version 3.0.6 to 3.0.4
  com.unity.timeline from version 1.5.4 to 1.4.7
The following packages were removed:
  com.unity.2d.animation@6.0.1
  com.unity.2d.pixel-perfect@5.0.0
  com.unity.2d.psdimporter@5.0.1
  com.unity.2d.sprite@1.0.0
  com.unity.2d.spriteshape@6.0.0
  com.unity.2d.tilemap@1.0.0

=== Sat Apr 24 17:05:13 2021

Packages were changed.
Update Mode: updateDependencies

The following packages were updated:
  com.unity.ide.rider from version 2.0.7 to 3.0.5
  com.unity.timeline from version 1.4.7 to 1.5.4

=== Sat Feb  5 07:44:03 2022

Packages were changed.
Update Mode: updateDependencies

The following packages were updated:
  com.unity.collab-proxy from version 1.3.9 to 1.13.5
  com.unity.ide.rider from version 3.0.6 to 3.0.7
  com.unity.ide.visualstudio from version 2.0.7 to 2.0.11
  com.unity.ide.vscode from version 1.2.3 to 1.2.4
  com.unity.test-framework from version 1.1.24 to 1.1.29
  com.unity.timeline from version 1.5.4 to 1.5.6

=== Wed Dec  7 12:14:06 2022

Packages were changed.
Update Mode: updateDependencies

The following packages were updated:
  com.unity.collab-proxy from version 1.13.5 to 1.17.6
  com.unity.ide.rider from version 3.0.12 to 3.0.15
  com.unity.ide.visualstudio from version 2.0.14 to 2.0.16
  com.unity.mobile.android-logcat from version 1.2.3 to 1.3.2
  com.unity.timeline from version 1.5.7 to 1.6.4

=== Tue Dec 13 19:28:30 2022

Packages were changed.
Update Mode: updateDependencies

The following packages were added:
  com.unity.ai.navigation@1.1.1
The following packages were updated:
  com.unity.collab-proxy from version 1.17.6 to 1.17.7
  com.unity.ide.rider from version 3.0.15 to 3.0.16
  com.unity.test-framework from version 1.1.31 to 1.1.33
  com.unity.timeline from version 1.6.4 to 1.7.2

=== Mon Jan 23 17:56:29 2023

Packages were changed.
Update Mode: updateDependencies

The following packages were updated:
  com.unity.ide.rider from version 3.0.16 to 3.0.17
  com.unity.ide.visualstudio from version 2.0.16 to 2.0.17

=== Sat Jan 28 10:07:46 2023

Packages were changed.
Update Mode: updateDependencies

The following packages were updated:
  com.unity.collab-proxy from version 1.17.7 to 2.0.0
  com.unity.ide.rider from version 3.0.17 to 3.0.18

=== Wed Mar 29 11:24:33 2023

Packages were changed.
Update Mode: updateDependencies

The following packages were updated:
  com.unity.timeline from version 1.7.2 to 1.7.3

=== Thu Jul 13 08:08:10 2023

Packages were changed.
Update Mode: updateDependencies

The following packages were updated:
  com.unity.ai.navigation from version 1.1.1 to 1.1.4
  com.unity.collab-proxy from version 2.0.4 to 2.0.5
  com.unity.ide.rider from version 3.0.18 to 3.0.24
  com.unity.test-framework from version 1.1.33 to 1.3.7
  com.unity.timeline from version 1.7.3 to 1.8.2

=== Tue Oct 10 09:03:48 2023

Packages were changed.
Update Mode: updateDependencies

The following packages were updated:
  com.unity.collab-proxy from version 2.0.5 to 2.1.0
  com.unity.ide.rider from version 3.0.24 to 3.0.25
  com.unity.ide.visualstudio from version 2.0.18 to 2.0.21
  com.unity.test-framework from version 1.3.7 to 1.3.9
